-------------------------------------------------------------------------------
Test set: org.acme.integracaoarquivo.MyApplicationTest
-------------------------------------------------------------------------------
Tests run: 1, Failures: 0, Errors: 1, Skipped: 0, Time elapsed: 0.222 s <<< FAILURE! - in org.acme.integracaoarquivo.MyApplicationTest
org.acme.integracaoarquivo.MyApplicationTest.should_complete_the_auto_detected_route  Time elapsed: 0.019 s  <<< ERROR!
java.lang.ExceptionInInitializerError
Caused by: org.apache.logging.log4j.LoggingException: log4j-slf4j-impl cannot be present with log4j-to-slf4j

